#
# A fatal error has been detected by the Java Runtime Environment:
#
#  EXCEPTION_ACCESS_VIOLATION (0xc0000005) at pc=0x0000000067f34a1b, pid=12232, tid=5148
#
# JRE version: Java(TM) SE Runtime Environment (7.0_79-b15) (build 1.7.0_79-b15)
# Java VM: Java HotSpot(TM) 64-Bit Server VM (24.79-b02 mixed mode windows-amd64 compressed oops)
# Problematic frame:
# V  [jvm.dll+0x144a1b]
#
# Failed to write core dump. Minidumps are not enabled by default on client versions of Windows
#
# If you would like to submit a bug report, please visit:
#   http://bugreport.java.com/bugreport/crash.jsp
#

---------------  T H R E A D  ---------------

Current thread (0x000000000a60a800):  JavaThread "JDWP Transport Listener: dt_socket" daemon [_thread_in_vm, id=5148, stack(0x000000000beb0000,0x000000000bfb0000)]

siginfo: ExceptionCode=0xc0000005, reading address 0xffffffffffffffff

Registers:
RAX=0x000000000bfaf501, RBX=0x000000000a60a800, RCX=0x472479726f746361, RDX=0x0000000000000000
RSP=0x000000000bfaf570, RBP=0x472479726f746361, RSI=0x000000000bfaf688, RDI=0x0000000002198780
R8 =0x000000000a60a800, R9 =0x0000000000000000, R10=0x0000000000000000, R11=0x0000000000000064
R12=0x0000000000000000, R13=0x000000000a602378, R14=0x0000000000000000, R15=0x0000000000000000
RIP=0x0000000067f34a1b, EFLAGS=0x0000000000010202

Top of Stack: (sp=0x000000000bfaf570)
0x000000000bfaf570:   000000000a60a800 0000000000000008
0x000000000bfaf580:   000000000bfaf638 00000000680d6a59
0x000000000bfaf590:   000000000a60a800 00000000680f4602
0x000000000bfaf5a0:   0000000000000000 0000000067548e8d
0x000000000bfaf5b0:   000000000a5d1640 0000000067552666
0x000000000bfaf5c0:   000000000a60a800 0000000000000000
0x000000000bfaf5d0:   0000000000000000 0000000000000000
0x000000000bfaf5e0:   472479726f746361 000000006755175d
0x000000000bfaf5f0:   000000000bfaf688 000000000bfaf660
0x000000000bfaf600:   0000000000000001 000000000a5d1640
0x000000000bfaf610:   472479726f746361 00000000675353b3
0x000000000bfaf620:   000000000bfaf750 0000000000000001
0x000000000bfaf630:   0000000000000001 000000000a5d1640
0x000000000bfaf640:   0000000000000009 0000000000000000
0x000000000bfaf650:   0000000000000000 0000000000000000
0x000000000bfaf660:   0000000000000001 0000000067535571 

Instructions: (pc=0x0000000067f34a1b)
0x0000000067f349fb:   48 8b 5c 24 30 48 89 47 18 48 83 c4 20 5f c3 cc
0x0000000067f34a0b:   cc cc cc cc cc 40 53 48 83 ec 20 48 85 c9 74 54
0x0000000067f34a1b:   48 8b 19 48 85 db 74 4c 48 b8 fe fe fe fe fe fe
0x0000000067f34a2b:   fe fe 48 3b d8 74 3d 80 3d 8f 26 61 00 00 74 15 


Register to memory mapping:

RAX=0x000000000bfaf501 is pointing into the stack for thread: 0x000000000a60a800
RBX=0x000000000a60a800 is a thread
RCX=0x472479726f746361 is an unknown value
RDX=0x0000000000000000 is an unknown value
RSP=0x000000000bfaf570 is pointing into the stack for thread: 0x000000000a60a800
RBP=0x472479726f746361 is an unknown value
RSI=0x000000000bfaf688 is pointing into the stack for thread: 0x000000000a60a800
RDI=0x0000000002198780 is an unknown value
R8 =0x000000000a60a800 is a thread
R9 =0x0000000000000000 is an unknown value
R10=0x0000000000000000 is an unknown value
R11=0x0000000000000064 is an unknown value
R12=0x0000000000000000 is an unknown value
R13=0x000000000a602378 is an unknown value
R14=0x0000000000000000 is an unknown value
R15=0x0000000000000000 is an unknown value


Stack: [0x000000000beb0000,0x000000000bfb0000],  sp=0x000000000bfaf570,  free space=1021k
Native frames: (J=compiled Java code, j=interpreted, Vv=VM code, C=native code)
V  [jvm.dll+0x144a1b]


---------------  P R O C E S S  ---------------

Java Threads: ( => current thread )
  0x000000000a644800 JavaThread "Service Thread" daemon [_thread_blocked, id=9248, stack(0x000000000c3b0000,0x000000000c4b0000)]
  0x000000000a62d000 JavaThread "C2 CompilerThread1" daemon [_thread_blocked, id=7964, stack(0x000000000c2b0000,0x000000000c3b0000)]
  0x000000000a62c800 JavaThread "C2 CompilerThread0" daemon [_thread_blocked, id=7692, stack(0x000000000c1b0000,0x000000000c2b0000)]
  0x000000000a61b800 JavaThread "JDWP Command Reader" daemon [_thread_in_native, id=8060, stack(0x000000000c0b0000,0x000000000c1b0000)]
  0x000000000a618000 JavaThread "JDWP Event Helper Thread" daemon [_thread_blocked, id=11496, stack(0x000000000bfb0000,0x000000000c0b0000)]
=>0x000000000a60a800 JavaThread "JDWP Transport Listener: dt_socket" daemon [_thread_in_vm, id=5148, stack(0x000000000beb0000,0x000000000bfb0000)]
  0x000000000a603800 JavaThread "Attach Listener" daemon [_thread_blocked, id=8216, stack(0x000000000ba70000,0x000000000bb70000)]
  0x000000000a600800 JavaThread "Signal Dispatcher" daemon [_thread_blocked, id=6480, stack(0x000000000b970000,0x000000000ba70000)]
  0x000000000a5cf000 JavaThread "Finalizer" daemon [_thread_blocked, id=4572, stack(0x000000000b870000,0x000000000b970000)]
  0x000000000a5c5800 JavaThread "Reference Handler" daemon [_thread_blocked, id=8152, stack(0x000000000b770000,0x000000000b870000)]
  0x000000000219e000 JavaThread "main" [_thread_blocked, id=7924, stack(0x00000000021a0000,0x00000000022a0000)]

Other Threads:
  0x000000000a5c1000 VMThread [stack: 0x000000000b670000,0x000000000b770000] [id=7456]
  0x000000000a64e800 WatcherThread [stack: 0x000000000c4b0000,0x000000000c5b0000] [id=6196]

VM state:not at safepoint (normal execution)

VM Mutex/Monitor currently owned by a thread: None

Heap
 PSYoungGen      total 24576K, used 5575K [0x00000007d5e00000, 0x00000007da000000, 0x0000000800000000)
  eden space 24064K, 23% used [0x00000007d5e00000,0x00000007d6369c70,0x00000007d7580000)
  from space 512K, 6% used [0x00000007d9f80000,0x00000007d9f88000,0x00000007da000000)
  to   space 512K, 0% used [0x00000007d9f00000,0x00000007d9f00000,0x00000007d9f80000)
 ParOldGen       total 86016K, used 276K [0x0000000781a00000, 0x0000000786e00000, 0x00000007d5e00000)
  object space 86016K, 0% used [0x0000000781a00000,0x0000000781a45060,0x0000000786e00000)
 PSPermGen       total 21504K, used 2774K [0x000000077c800000, 0x000000077dd00000, 0x0000000781a00000)
  object space 21504K, 12% used [0x000000077c800000,0x000000077cab5a80,0x000000077dd00000)

Card table byte_map: [0x00000000053a0000,0x00000000057c0000] byte_map_base: 0x00000000017bc000

Polling page: 0x0000000000500000

Code Cache  [0x00000000023a0000, 0x0000000002610000, 0x00000000053a0000)
 total_blobs=193 nmethods=17 adapters=137 free_code_cache=48756Kb largest_free_block=49910848

Compilation events (10 events):
Event: 3.398 Thread 0x000000000a62d000 nmethod 12 0x0000000002402510 code [0x0000000002402640, 0x0000000002402718]
Event: 3.399 Thread 0x000000000a62c800 nmethod 13 0x0000000002404e90 code [0x0000000002404fe0, 0x0000000002405188]
Event: 3.402 Thread 0x000000000a62d000   14             CrackSpeck::rotateR3 (72 bytes)
Event: 3.402 Thread 0x000000000a62c800   15             java.lang.Integer::rotateRight (9 bytes)
Event: 3.402 Thread 0x000000000a62c800 nmethod 15 0x0000000002402350 code [0x0000000002402480, 0x00000000024024b8]
Event: 3.402 Thread 0x000000000a62c800   16             java.lang.Object::equals (11 bytes)
Event: 3.403 Thread 0x000000000a62c800 nmethod 16 0x0000000002404c50 code [0x0000000002404d80, 0x0000000002404df8]
Event: 3.403 Thread 0x000000000a62d000 nmethod 14 0x0000000002404950 code [0x0000000002404a80, 0x0000000002404b78]
Event: 3.411 Thread 0x000000000a62c800   17             java.util.ArrayList::size (5 bytes)
Event: 3.411 Thread 0x000000000a62c800 nmethod 17 0x0000000002404750 code [0x0000000002404880, 0x00000000024048d8]

GC Heap History (10 events):
Event: 18.295 GC heap before
{Heap before GC invocations=250 (full 0):
 PSYoungGen      total 24576K, used 24096K [0x00000007d5e00000, 0x00000007da000000, 0x0000000800000000)
  eden space 24064K, 100% used [0x00000007d5e00000,0x00000007d7580000,0x00000007d7580000)
  from space 512K, 6% used [0x00000007d9f00000,0x00000007d9f08000,0x00000007d9f80000)
  to   space 512K, 0% used [0x00000007d9f80000,0x00000007d9f80000,0x00000007da000000)
 ParOldGen       total 86016K, used 276K [0x0000000781a00000, 0x0000000786e00000, 0x00000007d5e00000)
  object space 86016K, 0% used [0x0000000781a00000,0x0000000781a45060,0x0000000786e00000)
 PSPermGen       total 21504K, used 2740K [0x000000077c800000, 0x000000077dd00000, 0x0000000781a00000)
  object space 21504K, 12% used [0x000000077c800000,0x000000077caad1d0,0x000000077dd00000)
Event: 18.295 GC heap after
Heap after GC invocations=250 (full 0):
 PSYoungGen      total 24576K, used 32K [0x00000007d5e00000, 0x00000007da000000, 0x0000000800000000)
  eden space 24064K, 0% used [0x00000007d5e00000,0x00000007d5e00000,0x00000007d7580000)
  from space 512K, 6% used [0x00000007d9f80000,0x00000007d9f88000,0x00000007da000000)
  to   space 512K, 0% used [0x00000007d9f00000,0x00000007d9f00000,0x00000007d9f80000)
 ParOldGen       total 86016K, used 276K [0x0000000781a00000, 0x0000000786e00000, 0x00000007d5e00000)
  object space 86016K, 0% used [0x0000000781a00000,0x0000000781a45060,0x0000000786e00000)
 PSPermGen       total 21504K, used 2740K [0x000000077c800000, 0x000000077dd00000, 0x0000000781a00000)
  object space 21504K, 12% used [0x000000077c800000,0x000000077caad1d0,0x000000077dd00000)
}
Event: 18.347 GC heap before
{Heap before GC invocations=251 (full 0):
 PSYoungGen      total 24576K, used 24096K [0x00000007d5e00000, 0x00000007da000000, 0x0000000800000000)
  eden space 24064K, 100% used [0x00000007d5e00000,0x00000007d7580000,0x00000007d7580000)
  from space 512K, 6% used [0x00000007d9f80000,0x00000007d9f88000,0x00000007da000000)
  to   space 512K, 0% used [0x00000007d9f00000,0x00000007d9f00000,0x00000007d9f80000)
 ParOldGen       total 86016K, used 276K [0x0000000781a00000, 0x0000000786e00000, 0x00000007d5e00000)
  object space 86016K, 0% used [0x0000000781a00000,0x0000000781a45060,0x0000000786e00000)
 PSPermGen       total 21504K, used 2740K [0x000000077c800000, 0x000000077dd00000, 0x0000000781a00000)
  object space 21504K, 12% used [0x000000077c800000,0x000000077caad1d0,0x000000077dd00000)
Event: 18.347 GC heap after
Heap after GC invocations=251 (full 0):
 PSYoungGen      total 24576K, used 32K [0x00000007d5e00000, 0x00000007da000000, 0x0000000800000000)
  eden space 24064K, 0% used [0x00000007d5e00000,0x00000007d5e00000,0x00000007d7580000)
  from space 512K, 6% used [0x00000007d9f00000,0x00000007d9f08000,0x00000007d9f80000)
  to   space 512K, 0% used [0x00000007d9f80000,0x00000007d9f80000,0x00000007da000000)
 ParOldGen       total 86016K, used 276K [0x0000000781a00000, 0x0000000786e00000, 0x00000007d5e00000)
  object space 86016K, 0% used [0x0000000781a00000,0x0000000781a45060,0x0000000786e00000)
 PSPermGen       total 21504K, used 2740K [0x000000077c800000, 0x000000077dd00000, 0x0000000781a00000)
  object space 21504K, 12% used [0x000000077c800000,0x000000077caad1d0,0x000000077dd00000)
}
Event: 18.399 GC heap before
{Heap before GC invocations=252 (full 0):
 PSYoungGen      total 24576K, used 24096K [0x00000007d5e00000, 0x00000007da000000, 0x0000000800000000)
  eden space 24064K, 100% used [0x00000007d5e00000,0x00000007d7580000,0x00000007d7580000)
  from space 512K, 6% used [0x00000007d9f00000,0x00000007d9f08000,0x00000007d9f80000)
  to   space 512K, 0% used [0x00000007d9f80000,0x00000007d9f80000,0x00000007da000000)
 ParOldGen       total 86016K, used 276K [0x0000000781a00000, 0x0000000786e00000, 0x00000007d5e00000)
  object space 86016K, 0% used [0x0000000781a00000,0x0000000781a45060,0x0000000786e00000)
 PSPermGen       total 21504K, used 2740K [0x000000077c800000, 0x000000077dd00000, 0x0000000781a00000)
  object space 21504K, 12% used [0x000000077c800000,0x000000077caad1d0,0x000000077dd00000)
Event: 18.399 GC heap after
Heap after GC invocations=252 (full 0):
 PSYoungGen      total 24576K, used 32K [0x00000007d5e00000, 0x00000007da000000, 0x0000000800000000)
  eden space 24064K, 0% used [0x00000007d5e00000,0x00000007d5e00000,0x00000007d7580000)
  from space 512K, 6% used [0x00000007d9f80000,0x00000007d9f88000,0x00000007da000000)
  to   space 512K, 0% used [0x00000007d9f00000,0x00000007d9f00000,0x00000007d9f80000)
 ParOldGen       total 86016K, used 276K [0x0000000781a00000, 0x0000000786e00000, 0x00000007d5e00000)
  object space 86016K, 0% used [0x0000000781a00000,0x0000000781a45060,0x0000000786e00000)
 PSPermGen       total 21504K, used 2740K [0x000000077c800000, 0x000000077dd00000, 0x0000000781a00000)
  object space 21504K, 12% used [0x000000077c800000,0x000000077caad1d0,0x000000077dd00000)
}
Event: 18.451 GC heap before
{Heap before GC invocations=253 (full 0):
 PSYoungGen      total 24576K, used 24096K [0x00000007d5e00000, 0x00000007da000000, 0x0000000800000000)
  eden space 24064K, 100% used [0x00000007d5e00000,0x00000007d7580000,0x00000007d7580000)
  from space 512K, 6% used [0x00000007d9f80000,0x00000007d9f88000,0x00000007da000000)
  to   space 512K, 0% used [0x00000007d9f00000,0x00000007d9f00000,0x00000007d9f80000)
 ParOldGen       total 86016K, used 276K [0x0000000781a00000, 0x0000000786e00000, 0x00000007d5e00000)
  object space 86016K, 0% used [0x0000000781a00000,0x0000000781a45060,0x0000000786e00000)
 PSPermGen       total 21504K, used 2740K [0x000000077c800000, 0x000000077dd00000, 0x0000000781a00000)
  object space 21504K, 12% used [0x000000077c800000,0x000000077caad1d0,0x000000077dd00000)
Event: 18.451 GC heap after
Heap after GC invocations=253 (full 0):
 PSYoungGen      total 24576K, used 32K [0x00000007d5e00000, 0x00000007da000000, 0x0000000800000000)
  eden space 24064K, 0% used [0x00000007d5e00000,0x00000007d5e00000,0x00000007d7580000)
  from space 512K, 6% used [0x00000007d9f00000,0x00000007d9f08000,0x00000007d9f80000)
  to   space 512K, 0% used [0x00000007d9f80000,0x00000007d9f80000,0x00000007da000000)
 ParOldGen       total 86016K, used 276K [0x0000000781a00000, 0x0000000786e00000, 0x00000007d5e00000)
  object space 86016K, 0% used [0x0000000781a00000,0x0000000781a45060,0x0000000786e00000)
 PSPermGen       total 21504K, used 2740K [0x000000077c800000, 0x000000077dd00000, 0x0000000781a00000)
  object space 21504K, 12% used [0x000000077c800000,0x000000077caad1d0,0x000000077dd00000)
}
Event: 18.503 GC heap before
{Heap before GC invocations=254 (full 0):
 PSYoungGen      total 24576K, used 24096K [0x00000007d5e00000, 0x00000007da000000, 0x0000000800000000)
  eden space 24064K, 100% used [0x00000007d5e00000,0x00000007d7580000,0x00000007d7580000)
  from space 512K, 6% used [0x00000007d9f00000,0x00000007d9f08000,0x00000007d9f80000)
  to   space 512K, 0% used [0x00000007d9f80000,0x00000007d9f80000,0x00000007da000000)
 ParOldGen       total 86016K, used 276K [0x0000000781a00000, 0x0000000786e00000, 0x00000007d5e00000)
  object space 86016K, 0% used [0x0000000781a00000,0x0000000781a45060,0x0000000786e00000)
 PSPermGen       total 21504K, used 2740K [0x000000077c800000, 0x000000077dd00000, 0x0000000781a00000)
  object space 21504K, 12% used [0x000000077c800000,0x000000077caad1d0,0x000000077dd00000)
Event: 18.503 GC heap after
Heap after GC invocations=254 (full 0):
 PSYoungGen      total 24576K, used 32K [0x00000007d5e00000, 0x00000007da000000, 0x0000000800000000)
  eden space 24064K, 0% used [0x00000007d5e00000,0x00000007d5e00000,0x00000007d7580000)
  from space 512K, 6% used [0x00000007d9f80000,0x00000007d9f88000,0x00000007da000000)
  to   space 512K, 0% used [0x00000007d9f00000,0x00000007d9f00000,0x00000007d9f80000)
 ParOldGen       total 86016K, used 276K [0x0000000781a00000, 0x0000000786e00000, 0x00000007d5e00000)
  object space 86016K, 0% used [0x0000000781a00000,0x0000000781a45060,0x0000000786e00000)
 PSPermGen       total 21504K, used 2740K [0x000000077c800000, 0x000000077dd00000, 0x0000000781a00000)
  object space 21504K, 12% used [0x000000077c800000,0x000000077caad1d0,0x000000077dd00000)
}

Deoptimization events (0 events):
No events

Internal exceptions (3 events):
Event: 0.090 Thread 0x000000000219e000 Threw 0x00000007d5e0a6c0 at C:\re\jdk7u79\2331\hotspot\src\share\vm\prims\jni.cpp:3991
Event: 3.357 Thread 0x000000000219e000 Threw 0x00000007d5e4dda8 at C:\re\jdk7u79\2331\hotspot\src\share\vm\prims\jvm.cpp:1304
Event: 3.368 Thread 0x000000000219e000 Threw 0x00000007d5e553d8 at C:\re\jdk7u79\2331\hotspot\src\share\vm\prims\jvm.cpp:1304

Events (10 events):
Event: 375.034 Executing VM operation: RedefineClasses
Event: 375.035 Executing VM operation: RedefineClasses done
Event: 375.041 Executing VM operation: ChangeBreakpoints
Event: 375.041 Executing VM operation: ChangeBreakpoints done
Event: 381.258 Executing VM operation: RedefineClasses
Event: 381.258 Executing VM operation: RedefineClasses done
Event: 381.262 Executing VM operation: ChangeBreakpoints
Event: 381.262 Executing VM operation: ChangeBreakpoints done
Event: 576.509 Executing VM operation: RedefineClasses
Event: 576.509 Executing VM operation: RedefineClasses done


Dynamic libraries:
0x00007ff695c30000 - 0x00007ff695c63000 	C:\Program Files\Java\jre7\bin\javaw.exe
0x00007ff9b7fb0000 - 0x00007ff9b8171000 	C:\WINDOWS\SYSTEM32\ntdll.dll
0x00007ff9b5390000 - 0x00007ff9b543d000 	C:\WINDOWS\system32\KERNEL32.DLL
0x00007ff9b4880000 - 0x00007ff9b4a68000 	C:\WINDOWS\system32\KERNELBASE.dll
0x00007ff9b78d0000 - 0x00007ff9b7977000 	C:\WINDOWS\system32\ADVAPI32.dll
0x00007ff9b7110000 - 0x00007ff9b71ad000 	C:\WINDOWS\system32\msvcrt.dll
0x00007ff9b7f30000 - 0x00007ff9b7f8b000 	C:\WINDOWS\system32\sechost.dll
0x00007ff9b6e60000 - 0x00007ff9b6f7c000 	C:\WINDOWS\system32\RPCRT4.dll
0x00007ff9b5440000 - 0x00007ff9b5596000 	C:\WINDOWS\system32\USER32.dll
0x00007ff9b6f80000 - 0x00007ff9b7106000 	C:\WINDOWS\system32\GDI32.dll
0x00007ff9b0c80000 - 0x00007ff9b0ef4000 	C:\WINDOWS\WinSxS\amd64_microsoft.windows.common-controls_6595b64144ccf1df_6.0.10586.0_none_8c15ae12515e1c22\COMCTL32.dll
0x00007ff9b7b00000 - 0x00007ff9b7d7d000 	C:\WINDOWS\system32\combase.dll
0x00007ff9b5260000 - 0x00007ff9b52ca000 	C:\WINDOWS\system32\bcryptPrimitives.dll
0x00007ff9b7390000 - 0x00007ff9b73cb000 	C:\WINDOWS\system32\IMM32.DLL
0x0000000067570000 - 0x0000000067642000 	C:\Program Files\Java\jre7\bin\msvcr100.dll
0x0000000067df0000 - 0x00000000685c5000 	C:\Program Files\Java\jre7\bin\server\jvm.dll
0x00007ff9b79a0000 - 0x00007ff9b79a8000 	C:\WINDOWS\system32\PSAPI.DLL
0x00007ff9a8b90000 - 0x00007ff9a8b99000 	C:\WINDOWS\SYSTEM32\WSOCK32.dll
0x00007ff9b28d0000 - 0x00007ff9b28f3000 	C:\WINDOWS\SYSTEM32\WINMM.dll
0x00007ff9b5770000 - 0x00007ff9b57db000 	C:\WINDOWS\system32\WS2_32.dll
0x00007ff9b2870000 - 0x00007ff9b289c000 	C:\WINDOWS\SYSTEM32\WINMMBASE.dll
0x00007ff9b4640000 - 0x00007ff9b4683000 	C:\WINDOWS\system32\cfgmgr32.dll
0x0000000067de0000 - 0x0000000067def000 	C:\Program Files\Java\jre7\bin\verify.dll
0x0000000067db0000 - 0x0000000067dd8000 	C:\Program Files\Java\jre7\bin\java.dll
0x0000000067530000 - 0x0000000067565000 	C:\Program Files\Java\jre7\bin\jdwp.dll
0x0000000067520000 - 0x0000000067528000 	C:\Program Files\Java\jre7\bin\npt.dll
0x0000000067d90000 - 0x0000000067da5000 	C:\Program Files\Java\jre7\bin\zip.dll
0x0000000067510000 - 0x0000000067519000 	C:\Program Files\Java\jre7\bin\dt_socket.dll
0x00007ff9a6fc0000 - 0x00007ff9a6fd6000 	C:\WINDOWS\system32\napinsp.dll
0x00007ff9a94c0000 - 0x00007ff9a94da000 	C:\WINDOWS\system32\pnrpnsp.dll
0x00007ff9b1ab0000 - 0x00007ff9b1ac8000 	C:\WINDOWS\system32\NLAapi.dll
0x00007ff9b3e80000 - 0x00007ff9b3edc000 	C:\WINDOWS\System32\mswsock.dll
0x00007ff9b2f30000 - 0x00007ff9b2fda000 	C:\WINDOWS\SYSTEM32\DNSAPI.dll
0x00007ff9b58f0000 - 0x00007ff9b58f8000 	C:\WINDOWS\system32\NSI.dll
0x00007ff9aa7d0000 - 0x00007ff9aa7dd000 	C:\WINDOWS\System32\winrnr.dll
0x00007ff9b0800000 - 0x00007ff9b0867000 	C:\WINDOWS\System32\fwpuclnt.dll
0x00007ff9b44e0000 - 0x00007ff9b4509000 	C:\WINDOWS\SYSTEM32\bcrypt.dll
0x00007ff9af0f0000 - 0x00007ff9af0fa000 	C:\Windows\System32\rasadhlp.dll
0x00007ff9aee70000 - 0x00007ff9aeffc000 	C:\WINDOWS\SYSTEM32\dbghelp.dll

VM Arguments:
jvm_args: -agentlib:jdwp=transport=dt_socket,suspend=y,address=localhost:15144 -Dfile.encoding=Cp1252 
java_command: CrackSpeck 27a6cac092c4 a031b582b774
Launcher Type: SUN_STANDARD

Environment Variables:
PATH=
[error occurred during error reporting (printing environment variables), id 0xc0000005]



---------------  S Y S T E M  ---------------

OS: Windows 8.1 , 64 bit Build 9600 

CPU:total 4 (2 cores per cpu, 2 threads per core) family 6 model 60 stepping 3, cmov, cx8, fxsr, mmx, sse, sse2, sse3, ssse3, sse4.1, sse4.2, popcnt, avx, avx2, aes, erms, ht, tsc, tscinvbit

Memory: 4k page, physical 8275132k(4834328k free), swap 16663740k(11660020k free)

vm_info: Java HotSpot(TM) 64-Bit Server VM (24.79-b02) for windows-amd64 JRE (1.7.0_79-b15), built on Apr 10 2015 12:36:16 by "java_re" with unknown MS VC++:1600

time: Wed Apr 20 15:42:19 2016
elapsed time: 576 seconds

